<?xml version="1.0" encoding="UTF-8"?>
<!-- Generated by org.testng.reporters.JUnitReportReporter -->
<testsuite skipped="0" hostname="UK1LPT66" name="com.selenium.runner.MyTestngRunner" tests="3" failures="0" timestamp="30 Jun 2020 23:11:05 GMT" time="34.564" errors="0">
  <testcase name="runScenario" time="10.254" classname="com.selenium.runner.MyTestngRunner"/>
  <testcase name="runScenario" time="15.974" classname="com.selenium.runner.MyTestngRunner"/>
  <testcase name="runScenario" time="8.336" classname="com.selenium.runner.MyTestngRunner"/>
</testsuite> <!-- com.selenium.runner.MyTestngRunner -->
